<?xml version="1.0" encoding="UTF-8"?>
<!-- Generated by org.testng.reporters.JUnitXMLReporter -->
<testsuite hostname="DESKTOP-CJJQG7F" ignored="0" name="Surefire test" tests="6" failures="0" timestamp="26 Jan 2019 17:59:04 GMT" time="0.044" errors="0">
  <testcase name="AppiumTestcaseOne" time="0.006" classname="qaclickacademy.AppiumTest"/>
  <testcase name="SeleniumTestcaseTwo" time="0.001" classname="qaclickacademy.AppiumTest"/>
  <testcase name="RestApijavaTestcaseOne" time="0.0" classname="qaclickacademy.RestApijavaTest"/>
  <testcase name="SeleniumTestcaseTwo" time="0.0" classname="qaclickacademy.RestApijavaTest"/>
  <testcase name="SeleniumTestcaseOne" time="0.003" classname="qaclickacademy.SeleniumTest"/>
  <testcase name="SeleniumTestcaseTwo" time="0.002" classname="qaclickacademy.SeleniumTest"/>
</testsuite> <!-- Surefire test -->
