<?xml version="1.0" encoding="UTF-8"?>
<testng-results skipped="0" failed="0" ignored="0" total="6" passed="6">
  <reporter-output>
  </reporter-output>
  <suite name="Surefire suite" duration-ms="44" started-at="2019-01-26T17:59:04Z" finished-at="2019-01-26T17:59:04Z">
    <groups>
    </groups>
    <test name="Surefire test" duration-ms="44" started-at="2019-01-26T17:59:04Z" finished-at="2019-01-26T17:59:04Z">
      <class name="qaclickacademy.AppiumTest">
        <test-method status="PASS" signature="AppiumTestcaseOne()[pri:0, instance:qaclickacademy.AppiumTest@5cc7c2a6]" name="AppiumTestcaseOne" duration-ms="6" started-at="2019-01-26T17:59:04Z" finished-at="2019-01-26T17:59:04Z">
          <reporter-output>
          </reporter-output>
        </test-method> <!-- AppiumTestcaseOne -->
        <test-method status="PASS" signature="SeleniumTestcaseTwo()[pri:0, instance:qaclickacademy.AppiumTest@5cc7c2a6]" name="SeleniumTestcaseTwo" duration-ms="1" started-at="2019-01-26T17:59:04Z" finished-at="2019-01-26T17:59:04Z">
          <reporter-output>
          </reporter-output>
        </test-method> <!-- SeleniumTestcaseTwo -->
      </class> <!-- qaclickacademy.AppiumTest -->
      <class name="qaclickacademy.SeleniumTest">
        <test-method status="PASS" signature="SeleniumTestcaseOne()[pri:0, instance:qaclickacademy.SeleniumTest@4590c9c3]" name="SeleniumTestcaseOne" duration-ms="3" started-at="2019-01-26T17:59:04Z" finished-at="2019-01-26T17:59:04Z">
          <reporter-output>
          </reporter-output>
        </test-method> <!-- SeleniumTestcaseOne -->
        <test-method status="PASS" signature="SeleniumTestcaseTwo()[pri:0, instance:qaclickacademy.SeleniumTest@4590c9c3]" name="SeleniumTestcaseTwo" duration-ms="2" started-at="2019-01-26T17:59:04Z" finished-at="2019-01-26T17:59:04Z">
          <reporter-output>
          </reporter-output>
        </test-method> <!-- SeleniumTestcaseTwo -->
      </class> <!-- qaclickacademy.SeleniumTest -->
      <class name="qaclickacademy.RestApijavaTest">
        <test-method status="PASS" signature="RestApijavaTestcaseOne()[pri:0, instance:qaclickacademy.RestApijavaTest@b97c004]" name="RestApijavaTestcaseOne" duration-ms="0" started-at="2019-01-26T17:59:04Z" finished-at="2019-01-26T17:59:04Z">
          <reporter-output>
          </reporter-output>
        </test-method> <!-- RestApijavaTestcaseOne -->
        <test-method status="PASS" signature="SeleniumTestcaseTwo()[pri:0, instance:qaclickacademy.RestApijavaTest@b97c004]" name="SeleniumTestcaseTwo" duration-ms="0" started-at="2019-01-26T17:59:04Z" finished-at="2019-01-26T17:59:04Z">
          <reporter-output>
          </reporter-output>
        </test-method> <!-- SeleniumTestcaseTwo -->
      </class> <!-- qaclickacademy.RestApijavaTest -->
    </test> <!-- Surefire test -->
  </suite> <!-- Surefire suite -->
</testng-results>
