<?xml version="1.0" encoding="UTF-8"?>
<!-- Generated by org.testng.reporters.JUnitXMLReporter -->
<testsuite hostname="DESKTOP-CJJQG7F" ignored="0" name="Test" tests="4" failures="0" timestamp="26 Jan 2019 18:15:55 GMT" time="0.03" errors="0">
  <testcase name="RestApijavaTestcaseOne" time="0.008" classname="qaclickacademy.RestApijavaTest"/>
  <testcase name="SeleniumTestcaseTwo" time="0.0" classname="qaclickacademy.RestApijavaTest"/>
  <testcase name="SeleniumTestcaseOne" time="0.001" classname="qaclickacademy.SeleniumTest"/>
  <testcase name="SeleniumTestcaseTwo" time="0.0" classname="qaclickacademy.SeleniumTest"/>
</testsuite> <!-- Test -->
