<?xml version="1.0" encoding="UTF-8"?>
<testng-results skipped="0" failed="0" ignored="0" total="2" passed="2">
  <reporter-output>
  </reporter-output>
  <suite name="Surefire suite" duration-ms="48" started-at="2019-01-27T08:09:43Z" finished-at="2019-01-27T08:09:43Z">
    <groups>
    </groups>
    <test name="Surefire test" duration-ms="48" started-at="2019-01-27T08:09:43Z" finished-at="2019-01-27T08:09:43Z">
      <class name="qaclickacademy.SeleniumTest">
        <test-method status="PASS" signature="SeleniumTestcaseOne()[pri:0, instance:qaclickacademy.SeleniumTest@337d0578]" name="SeleniumTestcaseOne" duration-ms="8" started-at="2019-01-27T08:09:43Z" finished-at="2019-01-27T08:09:43Z">
          <reporter-output>
          </reporter-output>
        </test-method> <!-- SeleniumTestcaseOne -->
        <test-method status="PASS" signature="SeleniumTestcaseTwo()[pri:0, instance:qaclickacademy.SeleniumTest@337d0578]" name="SeleniumTestcaseTwo" duration-ms="0" started-at="2019-01-27T08:09:43Z" finished-at="2019-01-27T08:09:43Z">
          <reporter-output>
          </reporter-output>
        </test-method> <!-- SeleniumTestcaseTwo -->
      </class> <!-- qaclickacademy.SeleniumTest -->
    </test> <!-- Surefire test -->
  </suite> <!-- Surefire suite -->
</testng-results>
